2024-03-22 15:49:32,690:INFO:PyCaret RegressionExperiment
2024-03-22 15:49:32,691:INFO:Logging name: data_comparison
2024-03-22 15:49:32,691:INFO:ML Usecase: MLUsecase.REGRESSION
2024-03-22 15:49:32,691:INFO:version 3.3.0
2024-03-22 15:49:32,691:INFO:Initializing setup()
2024-03-22 15:49:32,691:INFO:self.USI: be09
2024-03-22 15:49:32,691:INFO:self._variable_keys: {'fold_shuffle_param', 'X', 'gpu_param', '_ml_usecase', 'transform_target_param', 'pipeline', 'seed', 'idx', 'fold_groups_param', 'html_param', 'y', 'y_train', 'exp_name_log', 'logging_param', 'exp_id', 'X_test', 'data', 'n_jobs_param', 'memory', 'target_param', 'fold_generator', 'log_plots_param', '_available_plots', 'gpu_n_jobs_param', 'USI', 'X_train', 'y_test'}
2024-03-22 15:49:32,691:INFO:Checking environment
2024-03-22 15:49:32,691:INFO:python_version: 3.11.8
2024-03-22 15:49:32,691:INFO:python_build: ('tags/v3.11.8:db85d51', 'Feb  6 2024 22:03:32')
2024-03-22 15:49:32,692:INFO:machine: AMD64
2024-03-22 15:49:32,692:INFO:platform: Windows-10-10.0.22631-SP0
2024-03-22 15:49:32,696:INFO:Memory: svmem(total=16718409728, available=4977086464, percent=70.2, used=11741323264, free=4977086464)
2024-03-22 15:49:32,696:INFO:Physical Core: 12
2024-03-22 15:49:32,696:INFO:Logical Core: 16
2024-03-22 15:49:32,696:INFO:Checking libraries
2024-03-22 15:49:32,696:INFO:System:
2024-03-22 15:49:32,696:INFO:    python: 3.11.8 (tags/v3.11.8:db85d51, Feb  6 2024, 22:03:32) [MSC v.1937 64 bit (AMD64)]
2024-03-22 15:49:32,696:INFO:executable: C:\Users\user\AppData\Local\Programs\Python\Python311\python.exe
2024-03-22 15:49:32,696:INFO:   machine: Windows-10-10.0.22631-SP0
2024-03-22 15:49:32,697:INFO:PyCaret required dependencies:
2024-03-22 15:49:34,668:INFO:                 pip: 24.0
2024-03-22 15:49:34,668:INFO:          setuptools: 65.5.0
2024-03-22 15:49:34,669:INFO:             pycaret: 3.3.0
2024-03-22 15:49:34,669:INFO:             IPython: 8.22.2
2024-03-22 15:49:34,669:INFO:          ipywidgets: 8.1.2
2024-03-22 15:49:34,669:INFO:                tqdm: 4.66.2
2024-03-22 15:49:34,669:INFO:               numpy: 1.26.4
2024-03-22 15:49:34,669:INFO:              pandas: 2.1.4
2024-03-22 15:49:34,669:INFO:              jinja2: 3.1.3
2024-03-22 15:49:34,669:INFO:               scipy: 1.11.4
2024-03-22 15:49:34,669:INFO:              joblib: 1.3.2
2024-03-22 15:49:34,669:INFO:             sklearn: 1.4.1.post1
2024-03-22 15:49:34,669:INFO:                pyod: 1.1.3
2024-03-22 15:49:34,670:INFO:            imblearn: 0.12.0
2024-03-22 15:49:34,670:INFO:   category_encoders: 2.6.3
2024-03-22 15:49:34,670:INFO:            lightgbm: 4.3.0
2024-03-22 15:49:34,670:INFO:               numba: 0.59.1
2024-03-22 15:49:34,670:INFO:            requests: 2.31.0
2024-03-22 15:49:34,670:INFO:          matplotlib: 3.7.5
2024-03-22 15:49:34,670:INFO:          scikitplot: 0.3.7
2024-03-22 15:49:34,670:INFO:         yellowbrick: 1.5
2024-03-22 15:49:34,670:INFO:              plotly: 5.19.0
2024-03-22 15:49:34,670:INFO:    plotly-resampler: Not installed
2024-03-22 15:49:34,670:INFO:             kaleido: 0.2.1
2024-03-22 15:49:34,670:INFO:           schemdraw: 0.15
2024-03-22 15:49:34,671:INFO:         statsmodels: 0.14.1
2024-03-22 15:49:34,671:INFO:              sktime: 0.27.0
2024-03-22 15:49:34,671:INFO:               tbats: 1.1.3
2024-03-22 15:49:34,671:INFO:            pmdarima: 2.0.4
2024-03-22 15:49:34,671:INFO:              psutil: 5.9.8
2024-03-22 15:49:34,671:INFO:          markupsafe: 2.1.5
2024-03-22 15:49:34,671:INFO:             pickle5: Not installed
2024-03-22 15:49:34,671:INFO:         cloudpickle: 3.0.0
2024-03-22 15:49:34,671:INFO:         deprecation: 2.1.0
2024-03-22 15:49:34,671:INFO:              xxhash: 3.4.1
2024-03-22 15:49:34,671:INFO:           wurlitzer: Not installed
2024-03-22 15:49:34,671:INFO:PyCaret optional dependencies:
2024-03-22 15:49:41,856:INFO:                shap: 0.45.0
2024-03-22 15:49:41,856:INFO:           interpret: 0.6.0
2024-03-22 15:49:41,856:INFO:                umap: 0.5.5
2024-03-22 15:49:41,857:INFO:     ydata_profiling: 4.7.0
2024-03-22 15:49:41,857:INFO:  explainerdashboard: 0.4.7
2024-03-22 15:49:41,857:INFO:             autoviz: Not installed
2024-03-22 15:49:41,857:INFO:           fairlearn: 0.7.0
2024-03-22 15:49:41,857:INFO:          deepchecks: Not installed
2024-03-22 15:49:41,857:INFO:             xgboost: 2.0.3
2024-03-22 15:49:41,857:INFO:            catboost: 1.2.3
2024-03-22 15:49:41,857:INFO:              kmodes: 0.12.2
2024-03-22 15:49:41,857:INFO:             mlxtend: 0.23.1
2024-03-22 15:49:41,857:INFO:       statsforecast: 1.5.0
2024-03-22 15:49:41,858:INFO:        tune_sklearn: Not installed
2024-03-22 15:49:41,858:INFO:                 ray: Not installed
2024-03-22 15:49:41,858:INFO:            hyperopt: 0.2.7
2024-03-22 15:49:41,858:INFO:              optuna: 3.6.0
2024-03-22 15:49:41,858:INFO:               skopt: 0.10.1
2024-03-22 15:49:41,858:INFO:              mlflow: 2.11.2
2024-03-22 15:49:41,858:INFO:              gradio: Not installed
2024-03-22 15:49:41,858:INFO:             fastapi: 0.110.0
2024-03-22 15:49:41,858:INFO:             uvicorn: 0.29.0
2024-03-22 15:49:41,858:INFO:              m2cgen: 0.10.0
2024-03-22 15:49:41,858:INFO:           evidently: 0.4.16
2024-03-22 15:49:41,858:INFO:               fugue: 0.8.6
2024-03-22 15:49:41,860:INFO:           streamlit: Not installed
2024-03-22 15:49:41,860:INFO:             prophet: Not installed
2024-03-22 15:49:41,860:INFO:None
2024-03-22 15:49:41,860:INFO:Set up data.
2024-03-22 15:49:41,876:INFO:Set up folding strategy.
2024-03-22 15:49:41,877:INFO:Set up train/test split.
2024-03-22 15:49:41,893:INFO:Set up index.
2024-03-22 15:49:41,894:INFO:Assigning column types.
2024-03-22 15:49:41,899:INFO:Engine successfully changes for model 'lr' to 'sklearn'.
2024-03-22 15:49:41,899:INFO:Engine for model 'lasso' has not been set explicitly, hence returning None.
2024-03-22 15:49:41,902:INFO:Engine for model 'ridge' has not been set explicitly, hence returning None.
2024-03-22 15:49:41,905:INFO:Engine for model 'en' has not been set explicitly, hence returning None.
2024-03-22 15:49:41,949:INFO:Engine for model 'svm' has not been set explicitly, hence returning None.
2024-03-22 15:49:41,975:INFO:Engine for model 'knn' has not been set explicitly, hence returning None.
2024-03-22 15:49:41,976:INFO:Soft dependency imported: xgboost: 2.0.3
2024-03-22 15:49:41,978:INFO:Soft dependency imported: catboost: 1.2.3
2024-03-22 15:49:42,093:INFO:Engine for model 'lasso' has not been set explicitly, hence returning None.
2024-03-22 15:49:42,096:INFO:Engine for model 'ridge' has not been set explicitly, hence returning None.
2024-03-22 15:49:42,099:INFO:Engine for model 'en' has not been set explicitly, hence returning None.
2024-03-22 15:49:42,139:INFO:Engine for model 'svm' has not been set explicitly, hence returning None.
2024-03-22 15:49:42,168:INFO:Engine for model 'knn' has not been set explicitly, hence returning None.
2024-03-22 15:49:42,169:INFO:Soft dependency imported: xgboost: 2.0.3
2024-03-22 15:49:42,170:INFO:Soft dependency imported: catboost: 1.2.3
2024-03-22 15:49:42,171:INFO:Engine successfully changes for model 'lasso' to 'sklearn'.
2024-03-22 15:49:42,173:INFO:Engine for model 'ridge' has not been set explicitly, hence returning None.
2024-03-22 15:49:42,176:INFO:Engine for model 'en' has not been set explicitly, hence returning None.
2024-03-22 15:49:42,216:INFO:Engine for model 'svm' has not been set explicitly, hence returning None.
2024-03-22 15:49:42,245:INFO:Engine for model 'knn' has not been set explicitly, hence returning None.
2024-03-22 15:49:42,245:INFO:Soft dependency imported: xgboost: 2.0.3
2024-03-22 15:49:42,248:INFO:Soft dependency imported: catboost: 1.2.3
2024-03-22 15:49:42,251:INFO:Engine for model 'ridge' has not been set explicitly, hence returning None.
2024-03-22 15:49:42,254:INFO:Engine for model 'en' has not been set explicitly, hence returning None.
2024-03-22 15:49:42,292:INFO:Engine for model 'svm' has not been set explicitly, hence returning None.
2024-03-22 15:49:42,319:INFO:Engine for model 'knn' has not been set explicitly, hence returning None.
2024-03-22 15:49:42,320:INFO:Soft dependency imported: xgboost: 2.0.3
2024-03-22 15:49:42,321:INFO:Soft dependency imported: catboost: 1.2.3
2024-03-22 15:49:42,322:INFO:Engine successfully changes for model 'ridge' to 'sklearn'.
2024-03-22 15:49:42,329:INFO:Engine for model 'en' has not been set explicitly, hence returning None.
2024-03-22 15:49:42,366:INFO:Engine for model 'svm' has not been set explicitly, hence returning None.
2024-03-22 15:49:42,393:INFO:Engine for model 'knn' has not been set explicitly, hence returning None.
2024-03-22 15:49:42,393:INFO:Soft dependency imported: xgboost: 2.0.3
2024-03-22 15:49:42,395:INFO:Soft dependency imported: catboost: 1.2.3
2024-03-22 15:49:42,401:INFO:Engine for model 'en' has not been set explicitly, hence returning None.
2024-03-22 15:49:42,438:INFO:Engine for model 'svm' has not been set explicitly, hence returning None.
2024-03-22 15:49:42,465:INFO:Engine for model 'knn' has not been set explicitly, hence returning None.
2024-03-22 15:49:42,466:INFO:Soft dependency imported: xgboost: 2.0.3
2024-03-22 15:49:42,468:INFO:Soft dependency imported: catboost: 1.2.3
2024-03-22 15:49:42,469:INFO:Engine successfully changes for model 'en' to 'sklearn'.
2024-03-22 15:49:42,514:INFO:Engine for model 'svm' has not been set explicitly, hence returning None.
2024-03-22 15:49:42,541:INFO:Engine for model 'knn' has not been set explicitly, hence returning None.
2024-03-22 15:49:42,542:INFO:Soft dependency imported: xgboost: 2.0.3
2024-03-22 15:49:42,544:INFO:Soft dependency imported: catboost: 1.2.3
2024-03-22 15:49:42,591:INFO:Engine for model 'svm' has not been set explicitly, hence returning None.
2024-03-22 15:49:42,618:INFO:Engine for model 'knn' has not been set explicitly, hence returning None.
2024-03-22 15:49:42,618:INFO:Soft dependency imported: xgboost: 2.0.3
2024-03-22 15:49:42,620:INFO:Soft dependency imported: catboost: 1.2.3
2024-03-22 15:49:42,621:INFO:Engine successfully changes for model 'knn' to 'sklearn'.
2024-03-22 15:49:42,664:INFO:Engine for model 'svm' has not been set explicitly, hence returning None.
2024-03-22 15:49:42,693:INFO:Soft dependency imported: xgboost: 2.0.3
2024-03-22 15:49:42,695:INFO:Soft dependency imported: catboost: 1.2.3
2024-03-22 15:49:42,740:INFO:Engine for model 'svm' has not been set explicitly, hence returning None.
2024-03-22 15:49:42,769:INFO:Soft dependency imported: xgboost: 2.0.3
2024-03-22 15:49:42,770:INFO:Soft dependency imported: catboost: 1.2.3
2024-03-22 15:49:42,771:INFO:Engine successfully changes for model 'svm' to 'sklearn'.
2024-03-22 15:49:42,842:INFO:Soft dependency imported: xgboost: 2.0.3
2024-03-22 15:49:42,845:INFO:Soft dependency imported: catboost: 1.2.3
2024-03-22 15:49:42,917:INFO:Soft dependency imported: xgboost: 2.0.3
2024-03-22 15:49:42,919:INFO:Soft dependency imported: catboost: 1.2.3
2024-03-22 15:49:42,926:INFO:Preparing preprocessing pipeline...
2024-03-22 15:49:42,926:INFO:Set up simple imputation.
2024-03-22 15:49:42,932:INFO:Set up encoding of categorical features.
2024-03-22 15:49:42,932:INFO:Set up feature normalization.
2024-03-22 15:49:43,237:INFO:Finished creating preprocessing pipeline.
2024-03-22 15:49:43,255:INFO:Pipeline: Pipeline(memory=FastMemory(location=C:\Users\user\AppData\Local\Temp\joblib),
         steps=[('numerical_imputer',
                 TransformerWrapper(include=['Overshoot', 'Peak_Time',
                                             'Delay_Time', 'Rise_Time',
                                             'Steady_State_Error',
                                             'Settling_Time_2_Idx',
                                             'Peak_Time_Idx', 'Delay_Time_Idx',
                                             'Unstable', 'Not_Converge',
                                             'Slow_Response', 'No_Data',
                                             'Vibration', 'Over_Damped'],
                                    transformer=S...
                 TransformerWrapper(include=['Rise_Time_Idx', 'pulse', 'rpm',
                                             'torque'],
                                    transformer=SimpleImputer(strategy='most_frequent'))),
                ('rest_encoding',
                 TransformerWrapper(include=['Rise_Time_Idx', 'pulse', 'rpm',
                                             'torque'],
                                    transformer=TargetEncoder(cols=['Rise_Time_Idx',
                                                                    'pulse',
                                                                    'rpm',
                                                                    'torque'],
                                                              handle_missing='return_nan'))),
                ('normalize',
                 TransformerWrapper(transformer=StandardScaler()))])
2024-03-22 15:49:43,255:INFO:Creating final display dataframe.
2024-03-22 15:49:44,184:INFO:Setup _display_container:                     Description            Value
0                    Session id              836
1                        Target  Settling_Time_2
2                   Target type       Regression
3           Original data shape       (1123, 19)
4        Transformed data shape       (1123, 19)
5   Transformed train set shape        (786, 19)
6    Transformed test set shape        (337, 19)
7              Numeric features               14
8          Categorical features                4
9                    Preprocess             True
10              Imputation type           simple
11           Numeric imputation             mean
12       Categorical imputation             mode
13     Maximum one-hot encoding               25
14              Encoding method             None
15                    Normalize             True
16             Normalize method           zscore
17               Fold Generator            KFold
18                  Fold Number               10
19                     CPU Jobs               -1
20                      Use GPU            False
21               Log Experiment     MlflowLogger
22              Experiment Name  data_comparison
23                          USI             be09
2024-03-22 15:49:44,263:INFO:Soft dependency imported: xgboost: 2.0.3
2024-03-22 15:49:44,265:INFO:Soft dependency imported: catboost: 1.2.3
2024-03-22 15:49:44,340:INFO:Soft dependency imported: xgboost: 2.0.3
2024-03-22 15:49:44,342:INFO:Soft dependency imported: catboost: 1.2.3
2024-03-22 15:49:44,344:WARNING:C:\Users\user\AppData\Local\Programs\Python\Python311\Lib\site-packages\pycaret\internal\metrics.py:51: FutureWarning: The `needs_threshold` and `needs_proba` parameter are deprecated in version 1.4 and will be removed in 1.6. You can either let `response_method` be `None` or set it to `predict` to preserve the same behaviour.
  warnings.warn(

2024-03-22 15:49:44,344:INFO:Logging experiment in loggers
2024-03-22 15:49:44,660:INFO:SubProcess save_model() called ==================================
2024-03-22 15:49:44,687:INFO:Initializing save_model()
2024-03-22 15:49:44,687:INFO:save_model(model=Pipeline(memory=FastMemory(location=C:\Users\user\AppData\Local\Temp\joblib),
         steps=[('numerical_imputer',
                 TransformerWrapper(include=['Overshoot', 'Peak_Time',
                                             'Delay_Time', 'Rise_Time',
                                             'Steady_State_Error',
                                             'Settling_Time_2_Idx',
                                             'Peak_Time_Idx', 'Delay_Time_Idx',
                                             'Unstable', 'Not_Converge',
                                             'Slow_Response', 'No_Data',
                                             'Vibration', 'Over_Damped'],
                                    transformer=S...
                 TransformerWrapper(include=['Rise_Time_Idx', 'pulse', 'rpm',
                                             'torque'],
                                    transformer=SimpleImputer(strategy='most_frequent'))),
                ('rest_encoding',
                 TransformerWrapper(include=['Rise_Time_Idx', 'pulse', 'rpm',
                                             'torque'],
                                    transformer=TargetEncoder(cols=['Rise_Time_Idx',
                                                                    'pulse',
                                                                    'rpm',
                                                                    'torque'],
                                                              handle_missing='return_nan'))),
                ('normalize',
                 TransformerWrapper(transformer=StandardScaler()))]), model_name=C:\Users\user\AppData\Local\Temp\tmprwdi4ctw\Transformation Pipeline, prep_pipe_=Pipeline(memory=FastMemory(location=C:\Users\user\AppData\Local\Temp\joblib),
         steps=[('numerical_imputer',
                 TransformerWrapper(include=['Overshoot', 'Peak_Time',
                                             'Delay_Time', 'Rise_Time',
                                             'Steady_State_Error',
                                             'Settling_Time_2_Idx',
                                             'Peak_Time_Idx', 'Delay_Time_Idx',
                                             'Unstable', 'Not_Converge',
                                             'Slow_Response', 'No_Data',
                                             'Vibration', 'Over_Damped'],
                                    transformer=S...
                 TransformerWrapper(include=['Rise_Time_Idx', 'pulse', 'rpm',
                                             'torque'],
                                    transformer=SimpleImputer(strategy='most_frequent'))),
                ('rest_encoding',
                 TransformerWrapper(include=['Rise_Time_Idx', 'pulse', 'rpm',
                                             'torque'],
                                    transformer=TargetEncoder(cols=['Rise_Time_Idx',
                                                                    'pulse',
                                                                    'rpm',
                                                                    'torque'],
                                                              handle_missing='return_nan'))),
                ('normalize',
                 TransformerWrapper(transformer=StandardScaler()))]), verbose=False, use_case=MLUsecase.REGRESSION, kwargs={})
2024-03-22 15:49:44,687:INFO:Adding model into prep_pipe
2024-03-22 15:49:44,687:WARNING:Only Model saved as it was a pipeline.
2024-03-22 15:49:44,708:INFO:C:\Users\user\AppData\Local\Temp\tmprwdi4ctw\Transformation Pipeline.pkl saved in current working directory
2024-03-22 15:49:44,721:INFO:Pipeline(memory=FastMemory(location=C:\Users\user\AppData\Local\Temp\joblib),
         steps=[('numerical_imputer',
                 TransformerWrapper(include=['Overshoot', 'Peak_Time',
                                             'Delay_Time', 'Rise_Time',
                                             'Steady_State_Error',
                                             'Settling_Time_2_Idx',
                                             'Peak_Time_Idx', 'Delay_Time_Idx',
                                             'Unstable', 'Not_Converge',
                                             'Slow_Response', 'No_Data',
                                             'Vibration', 'Over_Damped'],
                                    transformer=S...
                 TransformerWrapper(include=['Rise_Time_Idx', 'pulse', 'rpm',
                                             'torque'],
                                    transformer=SimpleImputer(strategy='most_frequent'))),
                ('rest_encoding',
                 TransformerWrapper(include=['Rise_Time_Idx', 'pulse', 'rpm',
                                             'torque'],
                                    transformer=TargetEncoder(cols=['Rise_Time_Idx',
                                                                    'pulse',
                                                                    'rpm',
                                                                    'torque'],
                                                              handle_missing='return_nan'))),
                ('normalize',
                 TransformerWrapper(transformer=StandardScaler()))])
2024-03-22 15:49:44,721:INFO:save_model() successfully completed......................................
2024-03-22 15:49:44,842:INFO:SubProcess save_model() end ==================================
2024-03-22 15:49:44,896:INFO:setup() successfully completed in 11.71s...............
